2026-04-15 20:32:49 - Starting BotRunningSystemApplication using Java 1.8.0_202 on brent with PID 22360 (F:\MyProject\King Of Bot\backendcloud\botrunningsystem\target\classes started by 53022 in F:\MyProject\King Of Bot\backendcloud)
2026-04-15 20:32:49 - Running with Spring Boot v2.6.13, Spring v5.3.23
2026-04-15 20:32:49 - No active profile set, falling back to 1 default profile: "default"
2026-04-15 20:32:50 - Tomcat initialized with port(s): 3002 (http)
2026-04-15 20:32:50 - Starting service [Tomcat]
2026-04-15 20:32:50 - Starting Servlet engine: [Apache Tomcat/9.0.68]
2026-04-15 20:32:50 - Initializing Spring embedded WebApplicationContext
2026-04-15 20:32:50 - Root WebApplicationContext: initialization completed in 898 ms
2026-04-15 20:32:50 - 

Using generated security password: 79be642e-f81b-4026-b91f-83d0db6dc85d

This generated password is for development use only. Your security configuration must be updated before running your application in production.

2026-04-15 20:32:50 - Will secure any request with [org.springframework.security.web.context.request.async.WebAsyncManagerIntegrationFilter@3f1975, org.springframework.security.web.context.SecurityContextPersistenceFilter@f3fe83, org.springframework.security.web.header.HeaderWriterFilter@2a49fe, org.springframework.security.web.authentication.logout.LogoutFilter@14aeccc, org.springframework.security.web.savedrequest.RequestCacheAwareFilter@17d6615, org.springframework.security.web.servletapi.SecurityContextHolderAwareRequestFilter@e34b1b, org.springframework.security.web.authentication.AnonymousAuthenticationFilter@1cc260, org.springframework.security.web.session.SessionManagementFilter@29f290, org.springframework.security.web.access.ExceptionTranslationFilter@fc5eb1, org.springframework.security.web.access.intercept.FilterSecurityInterceptor@2c877a]
2026-04-15 20:32:51 - Tomcat started on port(s): 3002 (http) with context path ''
2026-04-15 20:32:51 - Started BotRunningSystemApplication in 1.663 seconds (JVM running for 2.61)
2026-04-15 20:49:14 - Initializing Spring DispatcherServlet 'dispatcherServlet'
2026-04-15 20:49:14 - Initializing Servlet 'dispatcherServlet'
2026-04-15 20:49:14 - Completed initialization in 0 ms
2026-04-15 20:49:14 - bot信息, 用户id: 8, bot代码: package com.kob.botrunningsystem.utils;

public class Bot implements com.kob.botrunningsystem.utils.BotInterface {

    @Override
    public Integer nextMove(String input) {
        return 2;
    }
}, 输入: 111111111111111110100000100100011000010000000011100000100000000111001010011101011010010100000101100100000000000110001001100100011000000000001001101000001010010110101110010100111000000001000001110000000010000110001001000001011111111111111111#1#14#()#13#1#()
2026-04-15 20:49:19 - 移动方向, 用户id: 8, 方向: 2
